<?xml version="1.0" encoding="UTF-8"?>
<testsuite xmlns:xsi="http://www.w3.org/2001/XMLSchema-instance" xsi:noNamespaceSchemaLocation="https://maven.apache.org/surefire/maven-surefire-plugin/xsd/surefire-test-report.xsd" version="3.0.2" name="com.yanolabs.hateoas_demo.HateoasDemoApplicationTests" time="2.411" tests="1" errors="0" skipped="0" failures="0">
  <properties>
[...]
</properties>
  <testcase name="contextLoads" classname="com.yanolabs.hateoas_demo.HateoasDemoApplicationTests" time="0.278">
    <system-out><![CDATA[16:18:24.048 [main] INFO org.springframework.test.context.support.AnnotationConfigContextLoaderUtils -- Could not detect default configuration classes for test class [com.yanolabs.hateoas_demo.HateoasDemoApplicationTests]: HateoasDemoApplicationTests does not declare any static, non-private, non-final, nested classes annotated with @Configuration.
16:18:24.093 [main] INFO org.springframework.boot.test.context.SpringBootTestContextBootstrapper -- Found @SpringBootConfiguration com.yanolabs.hateoas_demo.HateoasDemoApplication for test class com.yanolabs.hateoas_demo.HateoasDemoApplicationTests

  .   ____          _            __ _ _
 /\\ / ___'_ __ _ _(_)_ __  __ _ \ \ \ \
( ( )\___ | '_ | '_| | '_ \/ _` | \ \ \ \
 \\/  ___)| |_)| | | | | || (_| |  ) ) ) )
  '  |____| .__|_| |_|_| |_\__, | / / / /
 =========|_|==============|___/=/_/_/_/

 :: Spring Boot ::                (v3.4.1)

2025-01-12T16:18:24.265-03:00  INFO 101693 --- [           main] c.y.h.HateoasDemoApplicationTests        : Starting HateoasDemoApplicationTests using Java 17.0.13 with PID 101693 (started by yano in /home/yano/Documentos/workspaces/yano-labs/hateoas-demo)
2025-01-12T16:18:24.265-03:00  INFO 101693 --- [           main] c.y.h.HateoasDemoApplicationTests        : No active profile set, falling back to 1 default profile: "default"
2025-01-12T16:18:24.559-03:00  INFO 101693 --- [           main] .s.d.r.c.RepositoryConfigurationDelegate : Bootstrapping Spring Data JPA repositories in DEFAULT mode.
2025-01-12T16:18:24.588-03:00  INFO 101693 --- [           main] .s.d.r.c.RepositoryConfigurationDelegate : Finished Spring Data repository scanning in 23 ms. Found 1 JPA repository interface.
2025-01-12T16:18:24.774-03:00  INFO 101693 --- [           main] com.zaxxer.hikari.HikariDataSource       : HikariPool-1 - Starting...
2025-01-12T16:18:24.860-03:00  INFO 101693 --- [           main] com.zaxxer.hikari.pool.HikariPool        : HikariPool-1 - Added connection conn0: url=jdbc:h2:mem:testdb user=SA
2025-01-12T16:18:24.863-03:00  INFO 101693 --- [           main] com.zaxxer.hikari.HikariDataSource       : HikariPool-1 - Start completed.
2025-01-12T16:18:24.915-03:00  INFO 101693 --- [           main] o.hibernate.jpa.internal.util.LogHelper  : HHH000204: Processing PersistenceUnitInfo [name: default]
2025-01-12T16:18:24.941-03:00  INFO 101693 --- [           main] org.hibernate.Version                    : HHH000412: Hibernate ORM core version 6.6.4.Final
2025-01-12T16:18:24.958-03:00  INFO 101693 --- [           main] o.h.c.internal.RegionFactoryInitiator    : HHH000026: Second-level cache disabled
2025-01-12T16:18:25.078-03:00  INFO 101693 --- [           main] o.s.o.j.p.SpringPersistenceUnitInfo      : No LoadTimeWeaver setup: ignoring JPA class transformer
2025-01-12T16:18:25.103-03:00  WARN 101693 --- [           main] org.hibernate.orm.deprecation            : HHH90000025: H2Dialect does not need to be specified explicitly using 'hibernate.dialect' (remove the property setting and it will be selected by default)
2025-01-12T16:18:25.112-03:00  INFO 101693 --- [           main] org.hibernate.orm.connections.pooling    : HHH10001005: Database info:
	Database JDBC URL [Connecting through datasource 'HikariDataSource (HikariPool-1)']
	Database driver: undefined/unknown
	Database version: 2.3.232
	Autocommit mode: undefined/unknown
	Isolation level: undefined/unknown
	Minimum pool size: undefined/unknown
	Maximum pool size: undefined/unknown
2025-01-12T16:18:25.480-03:00  INFO 101693 --- [           main] o.h.e.t.j.p.i.JtaPlatformInitiator       : HHH000489: No JTA platform available (set 'hibernate.transaction.jta.platform' to enable JTA platform integration)
Hibernate: drop table if exists financial_asset cascade 
Hibernate: drop sequence if exists financial_asset_seq
Hibernate: create sequence financial_asset_seq start with 11 increment by 1
Hibernate: create table financial_asset (id integer not null, marketvaluecode integer not null, initialtotalofferingquantity bigint not null, issuedate timestamp(6) not null, maturitydate timestamp(6) not null, quantity bigint not null, name varchar(255) not null, type varchar(255) not null, primary key (id))
2025-01-12T16:18:25.492-03:00  INFO 101693 --- [           main] j.LocalContainerEntityManagerFactoryBean : Initialized JPA EntityManagerFactory for persistence unit 'default'
2025-01-12T16:18:25.746-03:00  WARN 101693 --- [           main] JpaBaseConfiguration$JpaWebConfiguration : spring.jpa.open-in-view is enabled by default. Therefore, database queries may be performed during view rendering. Explicitly configure spring.jpa.open-in-view to disable this warning
2025-01-12T16:18:25.985-03:00  INFO 101693 --- [           main] o.s.b.a.h2.H2ConsoleAutoConfiguration    : H2 console available at '/h2-console'. Database available at 'jdbc:h2:mem:testdb'
2025-01-12T16:18:26.089-03:00  INFO 101693 --- [           main] c.y.h.HateoasDemoApplicationTests        : Started HateoasDemoApplicationTests in 1.937 seconds (process running for 2.359)
]]></system-out>
  </testcase>
</testsuite>